<?xml version="1.0" encoding="UTF-8"?>
<!-- Generated by org.testng.reporters.JUnitReportReporter -->
<testsuite hostname="Webonise" name="com.drf.tournament.UserPickSelection" tests="1" failures="0" timestamp="20 May 2015 11:54:51 GMT" time="68.998" errors="0">
  <testcase name="Logintotourey" time="68.998" classname="com.drf.tournament.UserPickSelection"/>
</testsuite> <!-- com.drf.tournament.UserPickSelection -->
